[debug] [2017-06-19T08:58:02.109Z] ----------------------------------------------------------------------
[debug] [2017-06-19T08:58:02.112Z] Command:      D:\Program Files\nodejs\node.exe C:\Users\yezhi\AppData\Roaming\npm\node_modules\firebase-tools\bin\firebase deploy
[debug] [2017-06-19T08:58:02.112Z] CLI Version:  3.9.1
[debug] [2017-06-19T08:58:02.113Z] Platform:     win32
[debug] [2017-06-19T08:58:02.113Z] Node Version: v6.11.0
[debug] [2017-06-19T08:58:02.113Z] Time:         Mon Jun 19 2017 16:58:02 GMT+0800 (台北標準時間)
[debug] [2017-06-19T08:58:02.113Z] ----------------------------------------------------------------------
[debug] 
[debug] [2017-06-19T08:58:02.127Z] > command requires scopes: ["email","openid","https://www.googleapis.com/auth/cloudplatformprojects.readonly","https://www.googleapis.com/auth/firebase","https://www.googleapis.com/auth/cloud-platform"]
[debug] [2017-06-19T08:58:02.127Z] > authorizing via signed-in user
[debug] [2017-06-19T08:58:02.129Z] > refreshing access token with scopes: ["email","https://www.googleapis.com/auth/cloud-platform","https://www.googleapis.com/auth/cloudplatformprojects.readonly","https://www.googleapis.com/auth/firebase","openid"]
[debug] [2017-06-19T08:58:02.129Z] >>> HTTP REQUEST POST https://www.googleapis.com/oauth2/v3/token { refresh_token: '1/A6JcUzKmQ842l3BvKw0Q6xGH8Jjv7PaCoLbfDrJ-x4iajALgtbPHmtQMbJIgLpkf',
  client_id: '563584335869-fgrhgmd47bqnekij5i8b5pr03ho849e6.apps.googleusercontent.com',
  client_secret: 'j9iVZfS8kkCEFUPaAeJV0sAi',
  grant_type: 'refresh_token',
  scope: 'email https://www.googleapis.com/auth/cloud-platform https://www.googleapis.com/auth/cloudplatformprojects.readonly https://www.googleapis.com/auth/firebase openid' } 
 Mon Jun 19 2017 16:58:02 GMT+0800 (台北標準時間)
[debug] [2017-06-19T08:58:02.250Z] <<< HTTP RESPONSE 200
[debug] [2017-06-19T08:58:02.283Z] >>> HTTP REQUEST GET https://admin.firebase.com/v1/projects/todo-app-823bd  
 Mon Jun 19 2017 16:58:02 GMT+0800 (台北標準時間)
[debug] [2017-06-19T08:58:03.490Z] <<< HTTP RESPONSE 200
[debug] [2017-06-19T08:58:03.491Z] >>> HTTP REQUEST GET https://admin.firebase.com/v1/database/todo-app-823bd/tokens  
 Mon Jun 19 2017 16:58:03 GMT+0800 (台北標準時間)
[debug] [2017-06-19T08:58:04.444Z] <<< HTTP RESPONSE 200
